<?xml version="1.0" encoding="UTF-8"?>
<!-- Generated by org.testng.reporters.JUnitXMLReporter -->
<testsuite ignored="0" hostname="DESKTOP-BF6O9SL" failures="3" tests="3" name="Test1" time="1.033" errors="0" timestamp="26 Jan 2019 06:53:00 GMT">
  <testcase classname="com.loginPage.UltimatixLoginPageActions" name="callingScreenshotCalss" time="0.04">
    <failure type="java.lang.NullPointerException">
      <![CDATA[java.lang.NullPointerException
at java.base/java.util.Objects.requireNonNull(Objects.java:221)
at org.openqa.selenium.support.ui.FluentWait.<init>(FluentWait.java:106)
at org.openqa.selenium.support.ui.WebDriverWait.<init>(WebDriverWait.java:85)
at org.openqa.selenium.support.ui.WebDriverWait.<init>(WebDriverWait.java:45)
at com.screenshot.Screenshot.getScreenshot(Screenshot.java:34)
at com.loginPage.UltimatixLoginPageActions.callingScreenshotCalss(UltimatixLoginPageActions.java:75)
... Removed 25 stack frames]]>
    </failure>
  </testcase> <!-- callingScreenshotCalss -->
  <testcase classname="com.loginPage.UltimatixLoginPageActions" name="iEvolveActions" time="0.005">
    <failure type="java.lang.NullPointerException">
      <![CDATA[java.lang.NullPointerException
at java.base/java.util.Objects.requireNonNull(Objects.java:221)
at org.openqa.selenium.support.ui.FluentWait.<init>(FluentWait.java:106)
at org.openqa.selenium.support.ui.WebDriverWait.<init>(WebDriverWait.java:85)
at org.openqa.selenium.support.ui.WebDriverWait.<init>(WebDriverWait.java:45)
at com.homepage.IEvolveElements.clickIEvolve(IEvolveElements.java:24)
at com.loginPage.UltimatixLoginPageActions.iEvolveActions(UltimatixLoginPageActions.java:86)
... Removed 25 stack frames]]>
    </failure>
  </testcase> <!-- iEvolveActions -->
  <testcase classname="com.loginPage.UltimatixLoginPageActions" name="methodUltimatixLogin" time="0.0">
    <failure type="java.lang.NullPointerException">
      <![CDATA[java.lang.NullPointerException
at java.base/java.util.Objects.requireNonNull(Objects.java:221)
at org.openqa.selenium.support.ui.FluentWait.<init>(FluentWait.java:106)
at org.openqa.selenium.support.ui.WebDriverWait.<init>(WebDriverWait.java:85)
at org.openqa.selenium.support.ui.WebDriverWait.<init>(WebDriverWait.java:45)
at com.loginPage.UltimatixLoginPage.loginPageUltimatix(UltimatixLoginPage.java:67)
at com.loginPage.UltimatixLoginPageActions.methodUltimatixLogin(UltimatixLoginPageActions.java:64)
... Removed 25 stack frames]]>
    </failure>
  </testcase> <!-- methodUltimatixLogin -->
</testsuite> <!-- Test1 -->
